# JRE version: Java(TM) SE Runtime Environment (8.0_212-b10) (build 1.8.0_212-b10)
# Java VM: Java HotSpot(TM) 64-Bit Server VM (25.212-b10 mixed mode windows-amd64 compressed oops)
Heap:
 PSYoungGen      total 291840K, used 208832K [0x00000000eab00000, 0x0000000100000000, 0x0000000100000000)
  eden space 231936K, 79% used [0x00000000eab00000,0x00000000f5e24090,0x00000000f8d80000)
  from space 59904K, 42% used [0x00000000fc580000,0x00000000fde4c090,0x0000000100000000)
  to   space 57344K, 0% used [0x00000000f8d80000,0x00000000f8d80000,0x00000000fc580000)
 ParOldGen       total 243200K, used 115547K [0x00000000c0000000, 0x00000000ced80000, 0x00000000eab00000)
  object space 243200K, 47% used [0x00000000c0000000,0x00000000c70d6f80,0x00000000ced80000)
 Metaspace       used 90346K, capacity 93470K, committed 93736K, reserved 1130496K
  class space    used 11836K, capacity 12549K, committed 12592K, reserved 1048576K
GC Heap History (10 events):
Event: 135.859 GC heap before
{Heap before GC invocations=18 (full 3):
 PSYoungGen      total 237568K, used 237506K [0x00000000eab00000, 0x00000000ff200000, 0x0000000100000000)
  eden space 211968K, 99% used [0x00000000eab00000,0x00000000f79f4cb8,0x00000000f7a00000)
  from space 25600K, 99% used [0x00000000fa000000,0x00000000fb8fbed8,0x00000000fb900000)
  to   space 38912K, 0% used [0x00000000f7a00000,0x00000000f7a00000,0x00000000fa000000)
 ParOldGen       total 119808K, used 65617K [0x00000000c0000000, 0x00000000c7500000, 0x00000000eab00000)
  object space 119808K, 54% used [0x00000000c0000000,0x00000000c40145d0,0x00000000c7500000)
 Metaspace       used 88135K, capacity 91098K, committed 91176K, reserved 1128448K
  class space    used 11652K, capacity 12317K, committed 12336K, reserved 1048576K
Event: 135.875 GC heap after
Heap after GC invocations=18 (full 3):
 PSYoungGen      total 250880K, used 3612K [0x00000000eab00000, 0x00000000fdf80000, 0x0000000100000000)
  eden space 211968K, 0% used [0x00000000eab00000,0x00000000eab00000,0x00000000f7a00000)
  from space 38912K, 9% used [0x00000000f7a00000,0x00000000f7d873c8,0x00000000fa000000)
  to   space 38400K, 0% used [0x00000000fba00000,0x00000000fba00000,0x00000000fdf80000)
 ParOldGen       total 119808K, used 73444K [0x00000000c0000000, 0x00000000c7500000, 0x00000000eab00000)
  object space 119808K, 61% used [0x00000000c0000000,0x00000000c47b9110,0x00000000c7500000)
 Metaspace       used 88135K, capacity 91098K, committed 91176K, reserved 1128448K
  class space    used 11652K, capacity 12317K, committed 12336K, reserved 1048576K
}
Event: 138.065 GC heap before
{Heap before GC invocations=19 (full 3):
 PSYoungGen      total 250880K, used 215452K [0x00000000eab00000, 0x00000000fdf80000, 0x0000000100000000)
  eden space 211968K, 99% used [0x00000000eab00000,0x00000000f79dfd88,0x00000000f7a00000)
  from space 38912K, 9% used [0x00000000f7a00000,0x00000000f7d873c8,0x00000000fa000000)
  to   space 38400K, 0% used [0x00000000fba00000,0x00000000fba00000,0x00000000fdf80000)
 ParOldGen       total 119808K, used 73444K [0x00000000c0000000, 0x00000000c7500000, 0x00000000eab00000)
  object space 119808K, 61% used [0x00000000c0000000,0x00000000c47b9110,0x00000000c7500000)
 Metaspace       used 88698K, capacity 91708K, committed 91816K, reserved 1128448K
  class space    used 11729K, capacity 12384K, committed 12464K, reserved 1048576K
Event: 138.078 GC heap after
Heap after GC invocations=19 (full 3):
 PSYoungGen      total 273408K, used 16266K [0x00000000eab00000, 0x00000000fdc00000, 0x0000000100000000)
  eden space 238592K, 0% used [0x00000000eab00000,0x00000000eab00000,0x00000000f9400000)
  from space 34816K, 46% used [0x00000000fba00000,0x00000000fc9e2bb0,0x00000000fdc00000)
  to   space 36864K, 0% used [0x00000000f9400000,0x00000000f9400000,0x00000000fb800000)
 ParOldGen       total 119808K, used 73452K [0x00000000c0000000, 0x00000000c7500000, 0x00000000eab00000)
  object space 119808K, 61% used [0x00000000c0000000,0x00000000c47bb110,0x00000000c7500000)
 Metaspace       used 88698K, capacity 91708K, committed 91816K, reserved 1128448K
  class space    used 11729K, capacity 12384K, committed 12464K, reserved 1048576K
}
Event: 138.803 GC heap before
{Heap before GC invocations=20 (full 3):
 PSYoungGen      total 273408K, used 254231K [0x00000000eab00000, 0x00000000fdc00000, 0x0000000100000000)
  eden space 238592K, 99% used [0x00000000eab00000,0x00000000f93633c8,0x00000000f9400000)
  from space 34816K, 46% used [0x00000000fba00000,0x00000000fc9e2bb0,0x00000000fdc00000)
  to   space 36864K, 0% used [0x00000000f9400000,0x00000000f9400000,0x00000000fb800000)
 ParOldGen       total 119808K, used 73452K [0x00000000c0000000, 0x00000000c7500000, 0x00000000eab00000)
  object space 119808K, 61% used [0x00000000c0000000,0x00000000c47bb110,0x00000000c7500000)
 Metaspace       used 88834K, capacity 91910K, committed 92072K, reserved 1128448K
  class space    used 11744K, capacity 12451K, committed 12464K, reserved 1048576K
Event: 138.825 GC heap after
Heap after GC invocations=20 (full 3):
 PSYoungGen      total 275456K, used 36849K [0x00000000eab00000, 0x0000000100000000, 0x0000000100000000)
  eden space 238592K, 0% used [0x00000000eab00000,0x00000000eab00000,0x00000000f9400000)
  from space 36864K, 99% used [0x00000000f9400000,0x00000000fb7fc7e0,0x00000000fb800000)
  to   space 59904K, 0% used [0x00000000fc580000,0x00000000fc580000,0x0000000100000000)
 ParOldGen       total 119808K, used 119416K [0x00000000c0000000, 0x00000000c7500000, 0x00000000eab00000)
  object space 119808K, 99% used [0x00000000c0000000,0x00000000c749e370,0x00000000c7500000)
 Metaspace       used 88834K, capacity 91910K, committed 92072K, reserved 1128448K
  class space    used 11744K, capacity 12451K, committed 12464K, reserved 1048576K
}
Event: 138.825 GC heap before
{Heap before GC invocations=21 (full 4):
 PSYoungGen      total 275456K, used 36849K [0x00000000eab00000, 0x0000000100000000, 0x0000000100000000)
  eden space 238592K, 0% used [0x00000000eab00000,0x00000000eab00000,0x00000000f9400000)
  from space 36864K, 99% used [0x00000000f9400000,0x00000000fb7fc7e0,0x00000000fb800000)
  to   space 59904K, 0% used [0x00000000fc580000,0x00000000fc580000,0x0000000100000000)
 ParOldGen       total 119808K, used 119416K [0x00000000c0000000, 0x00000000c7500000, 0x00000000eab00000)
  object space 119808K, 99% used [0x00000000c0000000,0x00000000c749e370,0x00000000c7500000)
 Metaspace       used 88834K, capacity 91910K, committed 92072K, reserved 1128448K
  class space    used 11744K, capacity 12451K, committed 12464K, reserved 1048576K
Event: 139.198 GC heap after
Heap after GC invocations=21 (full 4):
 PSYoungGen      total 275456K, used 18901K [0x00000000eab00000, 0x0000000100000000, 0x0000000100000000)
  eden space 238592K, 0% used [0x00000000eab00000,0x00000000eab00000,0x00000000f9400000)
  from space 36864K, 51% used [0x00000000f9400000,0x00000000fa6754a0,0x00000000fb800000)
  to   space 59904K, 0% used [0x00000000fc580000,0x00000000fc580000,0x0000000100000000)
 ParOldGen       total 243200K, used 115195K [0x00000000c0000000, 0x00000000ced80000, 0x00000000eab00000)
  object space 243200K, 47% used [0x00000000c0000000,0x00000000c707ef60,0x00000000ced80000)
 Metaspace       used 88673K, capacity 91476K, committed 92072K, reserved 1128448K
  class space    used 11687K, capacity 12354K, committed 12464K, reserved 1048576K
}
Event: 139.236 GC heap before
{Heap before GC invocations=22 (full 4):
 PSYoungGen      total 275456K, used 257232K [0x00000000eab00000, 0x0000000100000000, 0x0000000100000000)
  eden space 238592K, 99% used [0x00000000eab00000,0x00000000f93bee58,0x00000000f9400000)
  from space 36864K, 51% used [0x00000000f9400000,0x00000000fa6754a0,0x00000000fb800000)
  to   space 59904K, 0% used [0x00000000fc580000,0x00000000fc580000,0x0000000100000000)
 ParOldGen       total 243200K, used 115195K [0x00000000c0000000, 0x00000000ced80000, 0x00000000eab00000)
  object space 243200K, 47% used [0x00000000c0000000,0x00000000c707ef60,0x00000000ced80000)
 Metaspace       used 88673K, capacity 91476K, committed 92072K, reserved 1128448K
  class space    used 11687K, capacity 12354K, committed 12464K, reserved 1048576K
Event: 139.256 GC heap after
Heap after GC invocations=22 (full 4):
 PSYoungGen      total 291840K, used 25392K [0x00000000eab00000, 0x0000000100000000, 0x0000000100000000)
  eden space 231936K, 0% used [0x00000000eab00000,0x00000000eab00000,0x00000000f8d80000)
  from space 59904K, 42% used [0x00000000fc580000,0x00000000fde4c090,0x0000000100000000)
  to   space 57344K, 0% used [0x00000000f8d80000,0x00000000f8d80000,0x00000000fc580000)
 ParOldGen       total 243200K, used 115547K [0x00000000c0000000, 0x00000000ced80000, 0x00000000eab00000)
  object space 243200K, 47% used [0x00000000c0000000,0x00000000c70d6f80,0x00000000ced80000)
 Metaspace       used 88673K, capacity 91476K, committed 92072K, reserved 1128448K
  class space    used 11687K, capacity 12354K, committed 12464K, reserved 1048576K
}

